Unity Editor version:    2021.3.1f1 (3b70a0754835)
Branch:                  2021.3/staging
Build type:              Release
Batch mode:              YES
macOS version:           Version 12.5 (Build 21G72)
Darwin version:          21.6.0
Architecture:            x86_64
Running under Rosetta:   YES
Available memory:        8192 MB
Using pre-set license
Pro License: YES

COMMAND LINE ARGUMENTS:
/Applications/Unity/Hub/Editor/2021.3.1f1/Unity.app/Contents/MacOS/Unity
-adb2
-batchMode
-noUpm
-name
AssetImportWorker0
-projectPath
/Users/ujjwalsachdeva/Desktop/JIIT_Maps
-logFile
Logs/AssetImportWorker0.log
-srvPort
52431
Successfully changed project path to: /Users/ujjwalsachdeva/Desktop/JIIT_Maps
/Users/ujjwalsachdeva/Desktop/JIIT_Maps
[UnityMemory] Configuration Parameters - Can be set up in boot.config
    "memorysetup-bucket-allocator-granularity=16"
    "memorysetup-bucket-allocator-bucket-count=8"
    "memorysetup-bucket-allocator-block-size=33554432"
    "memorysetup-bucket-allocator-block-count=8"
    "memorysetup-main-allocator-block-size=16777216"
    "memorysetup-thread-allocator-block-size=16777216"
    "memorysetup-gfx-main-allocator-block-size=16777216"
    "memorysetup-gfx-thread-allocator-block-size=16777216"
    "memorysetup-cache-allocator-block-size=4194304"
    "memorysetup-typetree-allocator-block-size=2097152"
    "memorysetup-profiler-bucket-allocator-granularity=16"
    "memorysetup-profiler-bucket-allocator-bucket-count=8"
    "memorysetup-profiler-bucket-allocator-block-size=33554432"
    "memorysetup-profiler-bucket-allocator-block-count=8"
    "memorysetup-profiler-allocator-block-size=16777216"
    "memorysetup-profiler-editor-allocator-block-size=1048576"
    "memorysetup-temp-allocator-size-main=16777216"
    "memorysetup-job-temp-allocator-block-size=2097152"
    "memorysetup-job-temp-allocator-block-size-background=1048576"
    "memorysetup-job-temp-allocator-reduction-small-platforms=262144"
    "memorysetup-temp-allocator-size-background-worker=32768"
    "memorysetup-temp-allocator-size-job-worker=262144"
    "memorysetup-temp-allocator-size-preload-manager=33554432"
    "memorysetup-temp-allocator-size-nav-mesh-worker=65536"
    "memorysetup-temp-allocator-size-audio-worker=65536"
    "memorysetup-temp-allocator-size-cloud-worker=32768"
    "memorysetup-temp-allocator-size-gi-baking-worker=262144"
    "memorysetup-temp-allocator-size-gfx=262144"
Refreshing native plugins compatible for Editor in 155.46 ms, found 2 plugins.
Preloading 0 native plugins for Editor in 0.00 ms.
Initialize engine version: 2021.3.1f1 (3b70a0754835)
[Subsystems] Discovering subsystems at path /Applications/Unity/Hub/Editor/2021.3.1f1/Unity.app/Contents/Resources/UnitySubsystems
[Subsystems] Discovering subsystems at path /Users/ujjwalsachdeva/Desktop/JIIT_Maps/Assets
GfxDevice: creating device client; threaded=0; jobified=0
 preferred device: Apple M1 (high power)
Metal devices available: 1
0: Apple M1 (high power)
Using device Apple M1 (high power)
Initializing Metal device caps: Apple M1
Initialize mono
Mono path[0] = '/Applications/Unity/Hub/Editor/2021.3.1f1/Unity.app/Contents/Managed'
Mono path[1] = '/Applications/Unity/Hub/Editor/2021.3.1f1/Unity.app/Contents/MonoBleedingEdge/lib/mono/unityjit-macos'
Mono config path = '/Applications/Unity/Hub/Editor/2021.3.1f1/Unity.app/Contents/MonoBleedingEdge/etc'
Using monoOptions --debugger-agent=transport=dt_socket,embedding=1,server=y,suspend=n,address=127.0.0.1:56211
Begin MonoManager ReloadAssembly
Registering precompiled unity dll's ...
Register platform support module: /Applications/Unity/Hub/Editor/2021.3.1f1/PlaybackEngines/WebGLSupport/UnityEditor.WebGL.Extensions.dll
Register platform support module: /Applications/Unity/Hub/Editor/2021.3.1f1/Unity.app/Contents/PlaybackEngines/MacStandaloneSupport/UnityEditor.OSXStandalone.Extensions.dll
Register platform support module: /Applications/Unity/Hub/Editor/2021.3.1f1/PlaybackEngines/AndroidPlayer/UnityEditor.Android.Extensions.dll
Register platform support module: /Applications/Unity/Hub/Editor/2021.3.1f1/PlaybackEngines/iOSSupport/UnityEditor.iOS.Extensions.dll
Registered in 0.002492 seconds.
[usbmuxd] Start listen thread
[usbmuxd] Listen thread started
[usbmuxd] Send listen message
Native extension for iOS target not found
Native extension for Android target not found
Native extension for OSXStandalone target not found
Native extension for WebGL target not found
Refreshing native plugins compatible for Editor in 115.65 ms, found 2 plugins.
Preloading 0 native plugins for Editor in 0.00 ms.
Mono: successfully reloaded assembly
- Completed reload, in  1.589 seconds
Domain Reload Profiling:
	ReloadAssembly (1590ms)
		BeginReloadAssembly (153ms)
			ExecutionOrderSort (0ms)
			DisableScriptedObjects (0ms)
			BackupInstance (0ms)
			ReleaseScriptingObjects (0ms)
			CreateAndSetChildDomain (3ms)
		EndReloadAssembly (1163ms)
			LoadAssemblies (152ms)
			RebuildTransferFunctionScriptingTraits (1ms)
			SetupTypeCache (149ms)
			ReleaseScriptCaches (0ms)
			RebuildScriptCaches (35ms)
			SetupLoadedEditorAssemblies (824ms)
				LogAssemblyErrors (0ms)
				InitializePlatformSupportModulesInManaged (242ms)
				SetLoadedEditorAssemblies (2ms)
				RefreshPlugins (116ms)
				BeforeProcessingInitializeOnLoad (4ms)
				ProcessInitializeOnLoadAttributes (291ms)
				ProcessInitializeOnLoadMethodAttributes (169ms)
				AfterProcessingInitializeOnLoad (0ms)
				EditorAssembliesLoaded (0ms)
			ExecutionOrderSort2 (0ms)
			AwakeInstancesAfterBackupRestoration (0ms)
Platform modules already initialized, skipping
Registering precompiled user dll's ...
Registered in 0.007389 seconds.
Begin MonoManager ReloadAssembly
Symbol file LoadedFromMemory doesn't match image /Users/ujjwalsachdeva/Desktop/JIIT_Maps/Library/PackageCache/com.unity.visualscripting@1.7.8/Editor/VisualScripting.Core/Dependencies/YamlDotNet/Unity.VisualScripting.YamlDotNet.dll
Symbol file LoadedFromMemory doesn't match image /Users/ujjwalsachdeva/Desktop/JIIT_Maps/Library/PackageCache/com.unity.visualscripting@1.7.8/Editor/VisualScripting.Core/Dependencies/DotNetZip/Unity.VisualScripting.IonicZip.dll
Native extension for iOS target not found
Native extension for Android target not found
Native extension for OSXStandalone target not found
Native extension for WebGL target not found
Refreshing native plugins compatible for Editor in 102.41 ms, found 2 plugins.
Preloading 0 native plugins for Editor in 0.00 ms.
Package Manager log level set to [2]
Mono: successfully reloaded assembly
- Completed reload, in  2.674 seconds
Domain Reload Profiling:
	ReloadAssembly (2677ms)
		BeginReloadAssembly (352ms)
			ExecutionOrderSort (0ms)
			DisableScriptedObjects (41ms)
			BackupInstance (0ms)
			ReleaseScriptingObjects (0ms)
			CreateAndSetChildDomain (146ms)
		EndReloadAssembly (2085ms)
			LoadAssemblies (147ms)
			RebuildTransferFunctionScriptingTraits (0ms)
			SetupTypeCache (358ms)
			ReleaseScriptCaches (4ms)
			RebuildScriptCaches (61ms)
			SetupLoadedEditorAssemblies (1314ms)
				LogAssemblyErrors (0ms)
				InitializePlatformSupportModulesInManaged (80ms)
				SetLoadedEditorAssemblies (0ms)
				RefreshPlugins (102ms)
				BeforeProcessingInitializeOnLoad (167ms)
				ProcessInitializeOnLoadAttributes (866ms)
				ProcessInitializeOnLoadMethodAttributes (97ms)
				AfterProcessingInitializeOnLoad (1ms)
				EditorAssembliesLoaded (0ms)
			ExecutionOrderSort2 (0ms)
			AwakeInstancesAfterBackupRestoration (9ms)
Platform modules already initialized, skipping
========================================================================
Worker process is ready to serve import requests
Launching external process: /Applications/Unity/Hub/Editor/2021.3.1f1/Unity.app/Contents/Tools/UnityShaderCompiler
Launched and connected shader compiler UnityShaderCompiler after 0.11 seconds
Refreshing native plugins compatible for Editor in 0.57 ms, found 2 plugins.
Preloading 0 native plugins for Editor in 0.00 ms.
Unloading 3695 Unused Serialized files (Serialized files now loaded: 0)
Unloading 25 unused Assets / (87.4 KB). Loaded Objects now: 4182.
Memory consumption went from 263.2 MB to 263.1 MB.
Total: 3.261500 ms (FindLiveObjects: 0.231667 ms CreateObjectMapping: 0.095709 ms MarkObjects: 2.806542 ms  DeleteObjects: 0.126541 ms)

AssetImportParameters requested are different than current active one (requested -> active):
  custom:video-decoder-ogg-theora: a1e56fd34408186e4bbccfd4996cb3dc -> 
  custom:container-muxer-webm: aa71ff27fc2769a1b78a27578f13a17b -> 
  custom:container-demuxer-webm: 4f35f7cbe854078d1ac9338744f61a02 -> 
  custom:video-encoder-webm-vp8: eb34c28f22e8b96e1ab97ce403110664 -> 
  custom:framework-osx-AVFoundation: e770b220cccbd017edd2c1fefb359320 -> 
  custom:audio-encoder-webm-vorbis: bf7c407c2cedff20999df2af8eb42d56 -> 
  custom:container-demuxer-ogg: 62fdf1f143b41e24485cea50d1cbac27 -> 
  custom:video-decoder-webm-vp8: 9c59270c3fd7afecdb556c50c9e8de78 -> 
  custom:audio-decoder-ogg-vorbis: bf7c407c2cedff20999df2af8eb42d56 -> 
========================================================================
Received Import Request.
  Time since last request: 30217.903254 seconds.
  path: Assets/Scenes/SampleScene/NavMesh.asset
  artifactKey: Guid(164891b4088544696a4d802f05e02970) Importer(815301076,1909f56bfc062723c751e8b465ee728b)
Start importing Assets/Scenes/SampleScene/NavMesh.asset using Guid(164891b4088544696a4d802f05e02970) Importer(815301076,1909f56bfc062723c751e8b465ee728b)  -> (artifact id: '4ee6abf0a6917569a89f296d9a975085') in 0.199709 seconds 
========================================================================
Received Import Request.
  Time since last request: 11.049645 seconds.
  path: Assets/Layout/Materials/New Material.mat
  artifactKey: Guid(3c0a72153af064edfa16abb2258ea176) Importer(815301076,1909f56bfc062723c751e8b465ee728b)
Start importing Assets/Layout/Materials/New Material.mat using Guid(3c0a72153af064edfa16abb2258ea176) Importer(815301076,1909f56bfc062723c751e8b465ee728b)  -> (artifact id: '09e73526ef39ffa012376f89bf0457a6') in 0.476001 seconds 
========================================================================
Received Import Request.
  Time since last request: 11.542434 seconds.
  path: Assets/Layout/Materials/Wall.mat
  artifactKey: Guid(3c0a72153af064edfa16abb2258ea176) Importer(815301076,1909f56bfc062723c751e8b465ee728b)
Start importing Assets/Layout/Materials/Wall.mat using Guid(3c0a72153af064edfa16abb2258ea176) Importer(815301076,1909f56bfc062723c751e8b465ee728b)  -> (artifact id: '990afa99d314e3d0a8242855c6d19d0c') in 0.027417 seconds 
========================================================================
Received Import Request.
  Time since last request: 191.244040 seconds.
  path: Assets/Layout/Materials/Wall.mat
  artifactKey: Guid(3c0a72153af064edfa16abb2258ea176) Importer(815301076,1909f56bfc062723c751e8b465ee728b)
Start importing Assets/Layout/Materials/Wall.mat using Guid(3c0a72153af064edfa16abb2258ea176) Importer(815301076,1909f56bfc062723c751e8b465ee728b)  -> (artifact id: 'd66ea4c9e79e9f4f7ffe71952422f70f') in 0.024018 seconds 
========================================================================
Received Import Request.
  Time since last request: 131.527326 seconds.
  path: Assets/Layout/Materials/Target.mat
  artifactKey: Guid(999b1eb6eeeb94e018f43b511dda0fad) Importer(815301076,1909f56bfc062723c751e8b465ee728b)
Start importing Assets/Layout/Materials/Target.mat using Guid(999b1eb6eeeb94e018f43b511dda0fad) Importer(815301076,1909f56bfc062723c751e8b465ee728b)  -> (artifact id: 'ce953589b5eef09082825678307dc877') in 0.042261 seconds 
========================================================================
Received Import Request.
  Time since last request: 170.758860 seconds.
  path: Assets/Layout/Materials/Indicator.mat
  artifactKey: Guid(925438de0fd00499ca354bec0da1cf55) Importer(815301076,1909f56bfc062723c751e8b465ee728b)
Start importing Assets/Layout/Materials/Indicator.mat using Guid(925438de0fd00499ca354bec0da1cf55) Importer(815301076,1909f56bfc062723c751e8b465ee728b)  -> (artifact id: 'f4e3de7dd368589a9a39d58fdb1f30cd') in 0.011891 seconds 
========================================================================
Received Import Request.
  Time since last request: 249.097717 seconds.
  path: Assets/Layout/Materials/New Material.mat
  artifactKey: Guid(1a84c6482aa704194b6deac0153bdbd7) Importer(815301076,1909f56bfc062723c751e8b465ee728b)
Start importing Assets/Layout/Materials/New Material.mat using Guid(1a84c6482aa704194b6deac0153bdbd7) Importer(815301076,1909f56bfc062723c751e8b465ee728b)  -> (artifact id: '4883e784d0d3b84345a91500e983796f') in 0.037885 seconds 
========================================================================
Received Import Request.
  Time since last request: 6.807761 seconds.
  path: Assets/Layout/Materials/Line.mat
  artifactKey: Guid(1a84c6482aa704194b6deac0153bdbd7) Importer(815301076,1909f56bfc062723c751e8b465ee728b)
Start importing Assets/Layout/Materials/Line.mat using Guid(1a84c6482aa704194b6deac0153bdbd7) Importer(815301076,1909f56bfc062723c751e8b465ee728b)  -> (artifact id: '79d4a8f6656f6f9122eaeab4e6923757') in 0.010581 seconds 
========================================================================
Received Import Request.
  Time since last request: 495.419734 seconds.
  path: Assets/RenderTexture
  artifactKey: Guid(38af69b613047435a8c0037329a8afb5) Importer(815301076,1909f56bfc062723c751e8b465ee728b)
Start importing Assets/RenderTexture using Guid(38af69b613047435a8c0037329a8afb5) Importer(815301076,1909f56bfc062723c751e8b465ee728b)  -> (artifact id: '7d149b2a77874c700d3207d9309df993') in 0.001228 seconds 
========================================================================
Received Import Request.
  Time since last request: 18.876518 seconds.
  path: Assets/RenderTexture/New Render Texture.renderTexture
  artifactKey: Guid(623a746fb156c45f9835a9a60fd22aae) Importer(815301076,1909f56bfc062723c751e8b465ee728b)
Start importing Assets/RenderTexture/New Render Texture.renderTexture using Guid(623a746fb156c45f9835a9a60fd22aae) Importer(815301076,1909f56bfc062723c751e8b465ee728b)  -> (artifact id: '9bf446870e89e90e259e2a94461258d6') in 0.126574 seconds 
========================================================================
Received Import Request.
  Time since last request: 8.225166 seconds.
  path: Assets/RenderTexture/MiniMap.renderTexture
  artifactKey: Guid(623a746fb156c45f9835a9a60fd22aae) Importer(815301076,1909f56bfc062723c751e8b465ee728b)
Start importing Assets/RenderTexture/MiniMap.renderTexture using Guid(623a746fb156c45f9835a9a60fd22aae) Importer(815301076,1909f56bfc062723c751e8b465ee728b)  -> (artifact id: '1125d54457a78e1feb12bea4c519fefa') in 0.009602 seconds 
========================================================================
Received Import Request.
  Time since last request: 57.268678 seconds.
  path: ProjectSettings/TagManager.asset
  artifactKey: Guid(00000000000000003000000000000000) Importer(815301076,1909f56bfc062723c751e8b465ee728b)
Start importing ProjectSettings/TagManager.asset using Guid(00000000000000003000000000000000) Importer(815301076,1909f56bfc062723c751e8b465ee728b)  -> (artifact id: '5f74b9f0782f3ffe8a654b2b60a9f33c') in 0.003997 seconds 
========================================================================
Received Import Request.
  Time since last request: 314.677066 seconds.
  path: Assets/XR/XRGeneralSettings.asset
  artifactKey: Guid(10a3b6ae8f8c44ed88bfc97cd1517977) Importer(815301076,1909f56bfc062723c751e8b465ee728b)
Start importing Assets/XR/XRGeneralSettings.asset using Guid(10a3b6ae8f8c44ed88bfc97cd1517977) Importer(815301076,1909f56bfc062723c751e8b465ee728b)  -> (artifact id: '366a6a2b267f40fe3d3b131f98fe2e81') in 0.038801 seconds 
========================================================================
Received Prepare
Registering precompiled user dll's ...
Registered in 0.001480 seconds.
Begin MonoManager ReloadAssembly
Symbol file LoadedFromMemory doesn't match image /Users/ujjwalsachdeva/Desktop/JIIT_Maps/Library/PackageCache/com.unity.visualscripting@1.7.8/Editor/VisualScripting.Core/Dependencies/YamlDotNet/Unity.VisualScripting.YamlDotNet.dll
Symbol file LoadedFromMemory doesn't match image /Users/ujjwalsachdeva/Desktop/JIIT_Maps/Library/PackageCache/com.unity.visualscripting@1.7.8/Editor/VisualScripting.Core/Dependencies/DotNetZip/Unity.VisualScripting.IonicZip.dll
Native extension for iOS target not found
Native extension for Android target not found
Native extension for OSXStandalone target not found
Native extension for WebGL target not found
Refreshing native plugins compatible for Editor in 0.51 ms, found 2 plugins.
Preloading 0 native plugins for Editor in 0.00 ms.
Mono: successfully reloaded assembly
- Completed reload, in  2.498 seconds
Domain Reload Profiling:
	ReloadAssembly (2500ms)
		BeginReloadAssembly (311ms)
			ExecutionOrderSort (0ms)
			DisableScriptedObjects (33ms)
			BackupInstance (0ms)
			ReleaseScriptingObjects (0ms)
			CreateAndSetChildDomain (96ms)
		EndReloadAssembly (1951ms)
			LoadAssemblies (145ms)
			RebuildTransferFunctionScriptingTraits (0ms)
			SetupTypeCache (379ms)
			ReleaseScriptCaches (1ms)
			RebuildScriptCaches (48ms)
			SetupLoadedEditorAssemblies (1198ms)
				LogAssemblyErrors (0ms)
				InitializePlatformSupportModulesInManaged (100ms)
				SetLoadedEditorAssemblies (1ms)
				RefreshPlugins (1ms)
				BeforeProcessingInitializeOnLoad (156ms)
				ProcessInitializeOnLoadAttributes (841ms)
				ProcessInitializeOnLoadMethodAttributes (98ms)
				AfterProcessingInitializeOnLoad (1ms)
				EditorAssembliesLoaded (0ms)
			ExecutionOrderSort2 (0ms)
			AwakeInstancesAfterBackupRestoration (10ms)
Platform modules already initialized, skipping
Refreshing native plugins compatible for Editor in 1.00 ms, found 2 plugins.
Preloading 0 native plugins for Editor in 0.00 ms.
Unloading 3682 Unused Serialized files (Serialized files now loaded: 0)
Unloading 20 unused Assets / (87.4 KB). Loaded Objects now: 4228.
Memory consumption went from 280.3 MB to 280.2 MB.
Total: 3.084375 ms (FindLiveObjects: 0.309208 ms CreateObjectMapping: 0.097750 ms MarkObjects: 2.539959 ms  DeleteObjects: 0.135459 ms)

AssetImportParameters requested are different than current active one (requested -> active):
  custom:video-decoder-ogg-theora: a1e56fd34408186e4bbccfd4996cb3dc -> 
  custom:container-muxer-webm: aa71ff27fc2769a1b78a27578f13a17b -> 
  custom:container-demuxer-webm: 4f35f7cbe854078d1ac9338744f61a02 -> 
  custom:video-encoder-webm-vp8: eb34c28f22e8b96e1ab97ce403110664 -> 
  custom:framework-osx-AVFoundation: e770b220cccbd017edd2c1fefb359320 -> 
  custom:audio-encoder-webm-vorbis: bf7c407c2cedff20999df2af8eb42d56 -> 
  custom:container-demuxer-ogg: 62fdf1f143b41e24485cea50d1cbac27 -> 
  custom:video-decoder-webm-vp8: 9c59270c3fd7afecdb556c50c9e8de78 -> 
  custom:audio-decoder-ogg-vorbis: bf7c407c2cedff20999df2af8eb42d56 -> 
========================================================================
Received Import Request.
  Time since last request: 66.988841 seconds.
  path: Assets/Scripts/SetNavigationTarget.cs
  artifactKey: Guid(18d2d7467f1294765b43dba2baa899e0) Importer(815301076,1909f56bfc062723c751e8b465ee728b)
Start importing Assets/Scripts/SetNavigationTarget.cs using Guid(18d2d7467f1294765b43dba2baa899e0) Importer(815301076,1909f56bfc062723c751e8b465ee728b)  -> (artifact id: 'c66835274121118696e87570b9ed04f4') in 0.353182 seconds 
========================================================================
Received Prepare
Registering precompiled user dll's ...
Registered in 0.001498 seconds.
Begin MonoManager ReloadAssembly
Symbol file LoadedFromMemory doesn't match image /Users/ujjwalsachdeva/Desktop/JIIT_Maps/Library/PackageCache/com.unity.visualscripting@1.7.8/Editor/VisualScripting.Core/Dependencies/YamlDotNet/Unity.VisualScripting.YamlDotNet.dll
Symbol file LoadedFromMemory doesn't match image /Users/ujjwalsachdeva/Desktop/JIIT_Maps/Library/PackageCache/com.unity.visualscripting@1.7.8/Editor/VisualScripting.Core/Dependencies/DotNetZip/Unity.VisualScripting.IonicZip.dll
Native extension for iOS target not found
Native extension for Android target not found
Native extension for OSXStandalone target not found
Native extension for WebGL target not found
Refreshing native plugins compatible for Editor in 0.61 ms, found 2 plugins.
Preloading 0 native plugins for Editor in 0.00 ms.
Mono: successfully reloaded assembly
- Completed reload, in  2.602 seconds
Domain Reload Profiling:
	ReloadAssembly (2605ms)
		BeginReloadAssembly (329ms)
			ExecutionOrderSort (0ms)
			DisableScriptedObjects (43ms)
			BackupInstance (0ms)
			ReleaseScriptingObjects (0ms)
			CreateAndSetChildDomain (103ms)
		EndReloadAssembly (2038ms)
			LoadAssemblies (119ms)
			RebuildTransferFunctionScriptingTraits (0ms)
			SetupTypeCache (376ms)
			ReleaseScriptCaches (1ms)
			RebuildScriptCaches (47ms)
			SetupLoadedEditorAssemblies (1287ms)
				LogAssemblyErrors (0ms)
				InitializePlatformSupportModulesInManaged (90ms)
				SetLoadedEditorAssemblies (1ms)
				RefreshPlugins (1ms)
				BeforeProcessingInitializeOnLoad (156ms)
				ProcessInitializeOnLoadAttributes (937ms)
				ProcessInitializeOnLoadMethodAttributes (101ms)
				AfterProcessingInitializeOnLoad (1ms)
				EditorAssembliesLoaded (0ms)
			ExecutionOrderSort2 (0ms)
			AwakeInstancesAfterBackupRestoration (11ms)
Platform modules already initialized, skipping
Refreshing native plugins compatible for Editor in 1.53 ms, found 2 plugins.
Preloading 0 native plugins for Editor in 0.00 ms.
Unloading 3683 Unused Serialized files (Serialized files now loaded: 0)
Unloading 18 unused Assets / (87.3 KB). Loaded Objects now: 4233.
Memory consumption went from 284.7 MB to 284.6 MB.
Total: 3.185500 ms (FindLiveObjects: 0.261125 ms CreateObjectMapping: 0.128958 ms MarkObjects: 2.683542 ms  DeleteObjects: 0.111042 ms)

AssetImportParameters requested are different than current active one (requested -> active):
  custom:video-decoder-ogg-theora: a1e56fd34408186e4bbccfd4996cb3dc -> 
  custom:container-muxer-webm: aa71ff27fc2769a1b78a27578f13a17b -> 
  custom:container-demuxer-webm: 4f35f7cbe854078d1ac9338744f61a02 -> 
  custom:video-encoder-webm-vp8: eb34c28f22e8b96e1ab97ce403110664 -> 
  custom:framework-osx-AVFoundation: e770b220cccbd017edd2c1fefb359320 -> 
  custom:audio-encoder-webm-vorbis: bf7c407c2cedff20999df2af8eb42d56 -> 
  custom:container-demuxer-ogg: 62fdf1f143b41e24485cea50d1cbac27 -> 
  custom:video-decoder-webm-vp8: 9c59270c3fd7afecdb556c50c9e8de78 -> 
  custom:audio-decoder-ogg-vorbis: bf7c407c2cedff20999df2af8eb42d56 -> 
========================================================================
Received Prepare
Registering precompiled user dll's ...
Registered in 0.001975 seconds.
Begin MonoManager ReloadAssembly
Symbol file LoadedFromMemory doesn't match image /Users/ujjwalsachdeva/Desktop/JIIT_Maps/Library/PackageCache/com.unity.visualscripting@1.7.8/Editor/VisualScripting.Core/Dependencies/YamlDotNet/Unity.VisualScripting.YamlDotNet.dll
Symbol file LoadedFromMemory doesn't match image /Users/ujjwalsachdeva/Desktop/JIIT_Maps/Library/PackageCache/com.unity.visualscripting@1.7.8/Editor/VisualScripting.Core/Dependencies/DotNetZip/Unity.VisualScripting.IonicZip.dll
Native extension for iOS target not found
Native extension for Android target not found
Native extension for OSXStandalone target not found
Native extension for WebGL target not found
Refreshing native plugins compatible for Editor in 0.60 ms, found 2 plugins.
Preloading 0 native plugins for Editor in 0.00 ms.
Mono: successfully reloaded assembly
- Completed reload, in  2.542 seconds
Domain Reload Profiling:
	ReloadAssembly (2545ms)
		BeginReloadAssembly (364ms)
			ExecutionOrderSort (0ms)
			DisableScriptedObjects (39ms)
			BackupInstance (0ms)
			ReleaseScriptingObjects (0ms)
			CreateAndSetChildDomain (115ms)
		EndReloadAssembly (1938ms)
			LoadAssemblies (148ms)
			RebuildTransferFunctionScriptingTraits (0ms)
			SetupTypeCache (375ms)
			ReleaseScriptCaches (1ms)
			RebuildScriptCaches (48ms)
			SetupLoadedEditorAssemblies (1192ms)
				LogAssemblyErrors (0ms)
				InitializePlatformSupportModulesInManaged (91ms)
				SetLoadedEditorAssemblies (1ms)
				RefreshPlugins (1ms)
				BeforeProcessingInitializeOnLoad (162ms)
				ProcessInitializeOnLoadAttributes (843ms)
				ProcessInitializeOnLoadMethodAttributes (92ms)
				AfterProcessingInitializeOnLoad (1ms)
				EditorAssembliesLoaded (0ms)
			ExecutionOrderSort2 (0ms)
			AwakeInstancesAfterBackupRestoration (10ms)
Platform modules already initialized, skipping
Refreshing native plugins compatible for Editor in 1.06 ms, found 2 plugins.
Preloading 0 native plugins for Editor in 0.00 ms.
Unloading 3683 Unused Serialized files (Serialized files now loaded: 0)
Unloading 18 unused Assets / (87.5 KB). Loaded Objects now: 4237.
Memory consumption went from 284.9 MB to 284.8 MB.
Total: 3.105625 ms (FindLiveObjects: 0.264209 ms CreateObjectMapping: 0.161666 ms MarkObjects: 2.547667 ms  DeleteObjects: 0.131125 ms)

AssetImportParameters requested are different than current active one (requested -> active):
  custom:video-decoder-ogg-theora: a1e56fd34408186e4bbccfd4996cb3dc -> 
  custom:container-muxer-webm: aa71ff27fc2769a1b78a27578f13a17b -> 
  custom:container-demuxer-webm: 4f35f7cbe854078d1ac9338744f61a02 -> 
  custom:video-encoder-webm-vp8: eb34c28f22e8b96e1ab97ce403110664 -> 
  custom:framework-osx-AVFoundation: e770b220cccbd017edd2c1fefb359320 -> 
  custom:audio-encoder-webm-vorbis: bf7c407c2cedff20999df2af8eb42d56 -> 
  custom:container-demuxer-ogg: 62fdf1f143b41e24485cea50d1cbac27 -> 
  custom:video-decoder-webm-vp8: 9c59270c3fd7afecdb556c50c9e8de78 -> 
  custom:audio-decoder-ogg-vorbis: bf7c407c2cedff20999df2af8eb42d56 -> 
========================================================================
Received Import Request.
  Time since last request: 376.854580 seconds.
  path: Assets/Scripts/SetNavigationTarget.cs
  artifactKey: Guid(18d2d7467f1294765b43dba2baa899e0) Importer(815301076,1909f56bfc062723c751e8b465ee728b)
Start importing Assets/Scripts/SetNavigationTarget.cs using Guid(18d2d7467f1294765b43dba2baa899e0) Importer(815301076,1909f56bfc062723c751e8b465ee728b)  -> (artifact id: 'e2a1948a2e1e54b94200cec8c9a3cab7') in 0.009285 seconds 
